<?xml version="1.0" encoding="UTF-8"?>
<!-- Generated by org.testng.reporters.JUnitXMLReporter -->
<testsuite hostname="SOUMYA-PC" name="Test-R1" tests="1" failures="0" timestamp="5 Jun 2018 10:46:06 GMT" time="106.208" errors="0">
  <testcase name="@BeforeClass configBC" time="0.0" classname="com.TestNG.ParallelExecutionTest">
    <failure type="org.openqa.selenium.WebDriverException" message="Failed to connect to binary FirefoxBinary(C:\Program Files (x86)\Mozilla Firefox\firefox.exe) on port 7055; process output follows: 
change &amp;apos;installed&amp;apos; for fxdriver@googlecode.com
1528195526407	addons.xpi-utils	DEBUG	Make addon app-profile:fxdriver@googlecode.com visible
1528195526408	DeferredSave.extensions.json	DEBUG	Save changes
1528195526408	addons.xpi-utils	DEBUG	Make addon app-global:{972ce4c6-7e08-4474-a285-3208198ce6fd} visible
1528195526408	DeferredSave.extensions.json	DEBUG	Save changes
1528195526408	addons.xpi	DEBUG	Updating XPIState for {&amp;quot;id&amp;quot;:&amp;quot;fxdriver@googlecode.com&amp;quot;,&amp;quot;syncGUID&amp;quot;:&amp;quot;QcmAZkb6owKW&amp;quot;,&amp;quot;location&amp;quot;:&amp;quot;app-profile&amp;quot;,&amp;quot;version&amp;quot;:&amp;quot;2.52.0&amp;quot;,&amp;quot;type&amp;quot;:&amp;quot;extension&amp;quot;,&amp;quot;internalName&amp;quot;:null,&amp;quot;updateURL&amp;quot;:null,&amp;quot;updateKey&amp;quot;:null,&amp;quot;optionsURL&amp;quot;:null,&amp;quot;optionsType&amp;quot;:null,&amp;quot;aboutURL&amp;quot;:null,&amp;quot;iconURL&amp;quot;:null,&amp;quot;icon64URL&amp;quot;:null,&amp;quot;defaultLocale&amp;quot;:{&amp;quot;name&amp;quot;:&amp;quot;Firefox WebDriver&amp;quot;,&amp;quot;description&amp;quot;:&amp;quot;WebDriver implementation for Firefox&amp;quot;,&amp;quot;creator&amp;quot;:&amp;quot;Simon Stewart&amp;quot;,&amp;quot;homepageURL&amp;quot;:null},&amp;quot;visible&amp;quot;:true,&amp;quot;active&amp;quot;:true,&amp;quot;userDisabled&amp;quot;:false,&amp;quot;appDisabled&amp;quot;:false,&amp;quot;descriptor&amp;quot;:&amp;quot;C:\\Users\\SOUMYA\\AppData\\Local\\Temp\\anonymous3528341354034637145webdriver-profile\\extensions\\fxdriver@googlecode.com&amp;quot;,&amp;quot;installDate&amp;quot;:1528195484277,&amp;quot;updateDate&amp;quot;:1528195484277,&amp;quot;applyBackgroundUpdates&amp;quot;:1,&amp;quot;bootstrap&amp;quot;:false,&amp;quot;size&amp;quot;:3236332,&amp;quot;sourceURI&amp;quot;:null,&amp;quot;releaseNotesURI&amp;quot;:null,&amp;quot;softDisabled&amp;quot;:false,&amp;quot;foreignInstall&amp;quot;:true,&amp;quot;hasBinaryComponents&amp;quot;:true,&amp;quot;strictCompatibility&amp;quot;:false,&amp;quot;locales&amp;quot;:[],&amp;quot;targetApplications&amp;quot;:[{&amp;quot;id&amp;quot;:&amp;quot;{ec8030f7-c20a-464f-9b0e-13a3a9e97384}&amp;quot;,&amp;quot;minVersion&amp;quot;:&amp;quot;3.0&amp;quot;,&amp;quot;maxVersion&amp;quot;:&amp;quot;47.0&amp;quot;}],&amp;quot;targetPlatforms&amp;quot;:[{&amp;quot;os&amp;quot;:&amp;quot;Darwin&amp;quot;,&amp;quot;abi&amp;quot;:null},{&amp;quot;os&amp;quot;:&amp;quot;SunOS&amp;quot;,&amp;quot;abi&amp;quot;:null},{&amp;quot;os&amp;quot;:&amp;quot;FreeBSD&amp;quot;,&amp;quot;abi&amp;quot;:null},{&amp;quot;os&amp;quot;:&amp;quot;OpenBSD&amp;quot;,&amp;quot;abi&amp;quot;:null},{&amp;quot;os&amp;quot;:&amp;quot;WINNT&amp;quot;,&amp;quot;abi&amp;quot;:null},{&amp;quot;os&amp;quot;:&amp;quot;Linux&amp;quot;,&amp;quot;abi&amp;quot;:null}],&amp;quot;multiprocessCompatible&amp;quot;:false,&amp;quot;signedState&amp;quot;:0}
1528195526408	addons.xpi	DEBUG	getModTime: Recursive scan of fxdriver@googlecode.com
1528195526414	addons.xpi	DEBUG	Updating XPIState for {&amp;quot;id&amp;quot;:&amp;quot;{972ce4c6-7e08-4474-a285-3208198ce6fd}&amp;quot;,&amp;quot;syncGUID&amp;quot;:&amp;quot;eUwdkgCvMQyh&amp;quot;,&amp;quot;location&amp;quot;:&amp;quot;app-global&amp;quot;,&amp;quot;version&amp;quot;:&amp;quot;43.0&amp;quot;,&amp;quot;type&amp;quot;:&amp;quot;theme&amp;quot;,&amp;quot;internalName&amp;quot;:&amp;quot;classic/1.0&amp;quot;,&amp;quot;updateURL&amp;quot;:null,&amp;quot;updateKey&amp;quot;:null,&amp;quot;optionsURL&amp;quot;:null,&amp;quot;optionsType&amp;quot;:null,&amp;quot;aboutURL&amp;quot;:null,&amp;quot;iconURL&amp;quot;:null,&amp;quot;icon64URL&amp;quot;:null,&amp;quot;defaultLocale&amp;quot;:{&amp;quot;name&amp;quot;:&amp;quot;Default&amp;quot;,&amp;quot;description&amp;quot;:&amp;quot;The default theme.&amp;quot;,&amp;quot;creator&amp;quot;:&amp;quot;Mozilla&amp;quot;,&amp;quot;homepageURL&amp;quot;:null,&amp;quot;contributors&amp;quot;:[&amp;quot;Mozilla Contributors&amp;quot;]},&amp;quot;visible&amp;quot;:true,&amp;quot;active&amp;quot;:true,&amp;quot;userDisabled&amp;quot;:false,&amp;quot;appDisabled&amp;quot;:false,&amp;quot;descriptor&amp;quot;:&amp;quot;C:\\Program Files (x86)\\Mozilla Firefox\\browser\\extensions\\{972ce4c6-7e08-4474-a285-3208198ce6fd}&amp;quot;,&amp;quot;installDate&amp;quot;:1516609514682,&amp;quot;updateDate&amp;quot;:1516609514682,&amp;quot;applyBackgroundUpdates&amp;quot;:1,&amp;quot;skinnable&amp;quot;:true,&amp;quot;size&amp;quot;:24166,&amp;quot;sourceURI&amp;quot;:null,&amp;quot;releaseNotesURI&amp;quot;:null,&amp;quot;softDisabled&amp;quot;:false,&amp;quot;foreignInstall&amp;quot;:false,&amp;quot;hasBinaryComponents&amp;quot;:false,&amp;quot;strictCompatibility&amp;quot;:true,&amp;quot;locales&amp;quot;:[],&amp;quot;targetApplications&amp;quot;:[{&amp;quot;id&amp;quot;:&amp;quot;{ec8030f7-c20a-464f-9b0e-13a3a9e97384}&amp;quot;,&amp;quot;minVersion&amp;quot;:&amp;quot;43.0&amp;quot;,&amp;quot;maxVersion&amp;quot;:&amp;quot;43.0&amp;quot;}],&amp;quot;targetPlatforms&amp;quot;:[]}
1528195526418	addons.xpi	DEBUG	getModTime: Recursive scan of {972ce4c6-7e08-4474-a285-3208198ce6fd}
1528195526419	DeferredSave.extensions.json	DEBUG	Save changes
1528195526419	addons.xpi	DEBUG	Updating database with changes to installed add-ons
1528195526419	addons.xpi-utils	DEBUG	Updating add-on states
1528195526420	addons.xpi-utils	DEBUG	Writing add-ons list
1528195526511	addons.manager	DEBUG	Registering shutdown blocker for XPIProvider
1528195526512	addons.manager	DEBUG	Provider finished startup: XPIProvider
1528195526512	addons.manager	DEBUG	Starting provider: LightweightThemeManager
1528195526512	addons.manager	DEBUG	Registering shutdown blocker for LightweightThemeManager
1528195526512	addons.manager	DEBUG	Provider finished startup: LightweightThemeManager
1528195526513	addons.manager	DEBUG	Starting provider: GMPProvider
1528195526521	addons.manager	DEBUG	Registering shutdown blocker for GMPProvider
1528195526522	addons.manager	DEBUG	Provider finished startup: GMPProvider
1528195526522	addons.manager	DEBUG	Starting provider: PluginProvider
1528195526522	addons.manager	DEBUG	Registering shutdown blocker for PluginProvider
1528195526522	addons.manager	DEBUG	Provider finished startup: PluginProvider
1528195526523	addons.manager	DEBUG	Completed startup sequence

Build info: version: &amp;apos;2.52.0&amp;apos;, revision: &amp;apos;4c2593c&amp;apos;, time: &amp;apos;2016-02-11 19:03:33&amp;apos;
System info: host: &amp;apos;SOUMYA-PC&amp;apos;, ip: &amp;apos;192.168.0.7&amp;apos;, os.name: &amp;apos;Windows 7&amp;apos;, os.arch: &amp;apos;amd64&amp;apos;, os.version: &amp;apos;6.1&amp;apos;, java.version: &amp;apos;1.8.0_51&amp;apos;
Driver info: driver.version: FirefoxDriver">
      <![CDATA[org.openqa.selenium.WebDriverException: Failed to connect to binary FirefoxBinary(C:\Program Files (x86)\Mozilla Firefox\firefox.exe) on port 7055; process output follows: 
change 'installed' for fxdriver@googlecode.com
1528195526407	addons.xpi-utils	DEBUG	Make addon app-profile:fxdriver@googlecode.com visible
1528195526408	DeferredSave.extensions.json	DEBUG	Save changes
1528195526408	addons.xpi-utils	DEBUG	Make addon app-global:{972ce4c6-7e08-4474-a285-3208198ce6fd} visible
1528195526408	DeferredSave.extensions.json	DEBUG	Save changes
1528195526408	addons.xpi	DEBUG	Updating XPIState for {"id":"fxdriver@googlecode.com","syncGUID":"QcmAZkb6owKW","location":"app-profile","version":"2.52.0","type":"extension","internalName":null,"updateURL":null,"updateKey":null,"optionsURL":null,"optionsType":null,"aboutURL":null,"iconURL":null,"icon64URL":null,"defaultLocale":{"name":"Firefox WebDriver","description":"WebDriver implementation for Firefox","creator":"Simon Stewart","homepageURL":null},"visible":true,"active":true,"userDisabled":false,"appDisabled":false,"descriptor":"C:\\Users\\SOUMYA\\AppData\\Local\\Temp\\anonymous3528341354034637145webdriver-profile\\extensions\\fxdriver@googlecode.com","installDate":1528195484277,"updateDate":1528195484277,"applyBackgroundUpdates":1,"bootstrap":false,"size":3236332,"sourceURI":null,"releaseNotesURI":null,"softDisabled":false,"foreignInstall":true,"hasBinaryComponents":true,"strictCompatibility":false,"locales":[],"targetApplications":[{"id":"{ec8030f7-c20a-464f-9b0e-13a3a9e97384}","minVersion":"3.0","maxVersion":"47.0"}],"targetPlatforms":[{"os":"Darwin","abi":null},{"os":"SunOS","abi":null},{"os":"FreeBSD","abi":null},{"os":"OpenBSD","abi":null},{"os":"WINNT","abi":null},{"os":"Linux","abi":null}],"multiprocessCompatible":false,"signedState":0}
1528195526408	addons.xpi	DEBUG	getModTime: Recursive scan of fxdriver@googlecode.com
1528195526414	addons.xpi	DEBUG	Updating XPIState for {"id":"{972ce4c6-7e08-4474-a285-3208198ce6fd}","syncGUID":"eUwdkgCvMQyh","location":"app-global","version":"43.0","type":"theme","internalName":"classic/1.0","updateURL":null,"updateKey":null,"optionsURL":null,"optionsType":null,"aboutURL":null,"iconURL":null,"icon64URL":null,"defaultLocale":{"name":"Default","description":"The default theme.","creator":"Mozilla","homepageURL":null,"contributors":["Mozilla Contributors"]},"visible":true,"active":true,"userDisabled":false,"appDisabled":false,"descriptor":"C:\\Program Files (x86)\\Mozilla Firefox\\browser\\extensions\\{972ce4c6-7e08-4474-a285-3208198ce6fd}","installDate":1516609514682,"updateDate":1516609514682,"applyBackgroundUpdates":1,"skinnable":true,"size":24166,"sourceURI":null,"releaseNotesURI":null,"softDisabled":false,"foreignInstall":false,"hasBinaryComponents":false,"strictCompatibility":true,"locales":[],"targetApplications":[{"id":"{ec8030f7-c20a-464f-9b0e-13a3a9e97384}","minVersion":"43.0","maxVersion":"43.0"}],"targetPlatforms":[]}
1528195526418	addons.xpi	DEBUG	getModTime: Recursive scan of {972ce4c6-7e08-4474-a285-3208198ce6fd}
1528195526419	DeferredSave.extensions.json	DEBUG	Save changes
1528195526419	addons.xpi	DEBUG	Updating database with changes to installed add-ons
1528195526419	addons.xpi-utils	DEBUG	Updating add-on states
1528195526420	addons.xpi-utils	DEBUG	Writing add-ons list
1528195526511	addons.manager	DEBUG	Registering shutdown blocker for XPIProvider
1528195526512	addons.manager	DEBUG	Provider finished startup: XPIProvider
1528195526512	addons.manager	DEBUG	Starting provider: LightweightThemeManager
1528195526512	addons.manager	DEBUG	Registering shutdown blocker for LightweightThemeManager
1528195526512	addons.manager	DEBUG	Provider finished startup: LightweightThemeManager
1528195526513	addons.manager	DEBUG	Starting provider: GMPProvider
1528195526521	addons.manager	DEBUG	Registering shutdown blocker for GMPProvider
1528195526522	addons.manager	DEBUG	Provider finished startup: GMPProvider
1528195526522	addons.manager	DEBUG	Starting provider: PluginProvider
1528195526522	addons.manager	DEBUG	Registering shutdown blocker for PluginProvider
1528195526522	addons.manager	DEBUG	Provider finished startup: PluginProvider
1528195526523	addons.manager	DEBUG	Completed startup sequence

Build info: version: '2.52.0', revision: '4c2593c', time: '2016-02-11 19:03:33'
System info: host: 'SOUMYA-PC', ip: '192.168.0.7', os.name: 'Windows 7', os.arch: 'amd64', os.version: '6.1', java.version: '1.8.0_51'
Driver info: driver.version: FirefoxDriver
	at org.openqa.selenium.firefox.internal.NewProfileExtensionConnection.start(NewProfileExtensionConnection.java:124)
	at org.openqa.selenium.firefox.FirefoxDriver.startClient(FirefoxDriver.java:271)
	at org.openqa.selenium.remote.RemoteWebDriver.<init>(RemoteWebDriver.java:119)
	at org.openqa.selenium.firefox.FirefoxDriver.<init>(FirefoxDriver.java:218)
	at org.openqa.selenium.firefox.FirefoxDriver.<init>(FirefoxDriver.java:211)
	at org.openqa.selenium.firefox.FirefoxDriver.<init>(FirefoxDriver.java:207)
	at org.openqa.selenium.firefox.FirefoxDriver.<init>(FirefoxDriver.java:120)
	at com.GenericLibrary.BaseClass1.configBC(BaseClass1.java:22)
	at java.util.concurrent.FutureTask.run(Unknown Source)
	at java.util.concurrent.ThreadPoolExecutor.runWorker(Unknown Source)
	at java.util.concurrent.ThreadPoolExecutor$Worker.run(Unknown Source)
	at java.lang.Thread.run(Unknown Source)
Caused by: org.openqa.selenium.firefox.NotConnectedException: Unable to connect to host 127.0.0.1 on port 7055 after 45000 ms. Firefox console output:
change 'installed' for fxdriver@googlecode.com
1528195526407	addons.xpi-utils	DEBUG	Make addon app-profile:fxdriver@googlecode.com visible
1528195526408	DeferredSave.extensions.json	DEBUG	Save changes
1528195526408	addons.xpi-utils	DEBUG	Make addon app-global:{972ce4c6-7e08-4474-a285-3208198ce6fd} visible
1528195526408	DeferredSave.extensions.json	DEBUG	Save changes
1528195526408	addons.xpi	DEBUG	Updating XPIState for {"id":"fxdriver@googlecode.com","syncGUID":"QcmAZkb6owKW","location":"app-profile","version":"2.52.0","type":"extension","internalName":null,"updateURL":null,"updateKey":null,"optionsURL":null,"optionsType":null,"aboutURL":null,"iconURL":null,"icon64URL":null,"defaultLocale":{"name":"Firefox WebDriver","description":"WebDriver implementation for Firefox","creator":"Simon Stewart","homepageURL":null},"visible":true,"active":true,"userDisabled":false,"appDisabled":false,"descriptor":"C:\\Users\\SOUMYA\\AppData\\Local\\Temp\\anonymous3528341354034637145webdriver-profile\\extensions\\fxdriver@googlecode.com","installDate":1528195484277,"updateDate":1528195484277,"applyBackgroundUpdates":1,"bootstrap":false,"size":3236332,"sourceURI":null,"releaseNotesURI":null,"softDisabled":false,"foreignInstall":true,"hasBinaryComponents":true,"strictCompatibility":false,"locales":[],"targetApplications":[{"id":"{ec8030f7-c20a-464f-9b0e-13a3a9e97384}","minVersion":"3.0","maxVersion":"47.0"}],"targetPlatforms":[{"os":"Darwin","abi":null},{"os":"SunOS","abi":null},{"os":"FreeBSD","abi":null},{"os":"OpenBSD","abi":null},{"os":"WINNT","abi":null},{"os":"Linux","abi":null}],"multiprocessCompatible":false,"signedState":0}
1528195526408	addons.xpi	DEBUG	getModTime: Recursive scan of fxdriver@googlecode.com
1528195526414	addons.xpi	DEBUG	Updating XPIState for {"id":"{972ce4c6-7e08-4474-a285-3208198ce6fd}","syncGUID":"eUwdkgCvMQyh","location":"app-global","version":"43.0","type":"theme","internalName":"classic/1.0","updateURL":null,"updateKey":null,"optionsURL":null,"optionsType":null,"aboutURL":null,"iconURL":null,"icon64URL":null,"defaultLocale":{"name":"Default","description":"The default theme.","creator":"Mozilla","homepageURL":null,"contributors":["Mozilla Contributors"]},"visible":true,"active":true,"userDisabled":false,"appDisabled":false,"descriptor":"C:\\Program Files (x86)\\Mozilla Firefox\\browser\\extensions\\{972ce4c6-7e08-4474-a285-3208198ce6fd}","installDate":1516609514682,"updateDate":1516609514682,"applyBackgroundUpdates":1,"skinnable":true,"size":24166,"sourceURI":null,"releaseNotesURI":null,"softDisabled":false,"foreignInstall":false,"hasBinaryComponents":false,"strictCompatibility":true,"locales":[],"targetApplications":[{"id":"{ec8030f7-c20a-464f-9b0e-13a3a9e97384}","minVersion":"43.0","maxVersion":"43.0"}],"targetPlatforms":[]}
1528195526418	addons.xpi	DEBUG	getModTime: Recursive scan of {972ce4c6-7e08-4474-a285-3208198ce6fd}
1528195526419	DeferredSave.extensions.json	DEBUG	Save changes
1528195526419	addons.xpi	DEBUG	Updating database with changes to installed add-ons
1528195526419	addons.xpi-utils	DEBUG	Updating add-on states
1528195526420	addons.xpi-utils	DEBUG	Writing add-ons list
1528195526511	addons.manager	DEBUG	Registering shutdown blocker for XPIProvider
1528195526512	addons.manager	DEBUG	Provider finished startup: XPIProvider
1528195526512	addons.manager	DEBUG	Starting provider: LightweightThemeManager
1528195526512	addons.manager	DEBUG	Registering shutdown blocker for LightweightThemeManager
1528195526512	addons.manager	DEBUG	Provider finished startup: LightweightThemeManager
1528195526513	addons.manager	DEBUG	Starting provider: GMPProvider
1528195526521	addons.manager	DEBUG	Registering shutdown blocker for GMPProvider
1528195526522	addons.manager	DEBUG	Provider finished startup: GMPProvider
1528195526522	addons.manager	DEBUG	Starting provider: PluginProvider
1528195526522	addons.manager	DEBUG	Registering shutdown blocker for PluginProvider
1528195526522	addons.manager	DEBUG	Provider finished startup: PluginProvider
1528195526523	addons.manager	DEBUG	Completed startup sequence

	at org.openqa.selenium.firefox.internal.NewProfileExtensionConnection.start(NewProfileExtensionConnection.java:112)
	... 27 more
... Removed 16 stack frames]]>
    </failure>
  </testcase> <!-- @BeforeClass configBC -->
  <testcase name="Login" time="0.0" classname="com.TestNG.ParallelExecutionTest">
    <skipped/>
  </testcase> <!-- Login -->
</testsuite> <!-- Test-R1 -->
