<?xml version="1.0" encoding="UTF-8"?>
<!-- Generated by org.testng.reporters.JUnitReportReporter -->
<testsuite hostname="SOUMYA-PC" name="com.Guru99.Task10" tests="1" failures="0" timestamp="14 Jul 2018 04:29:50 GMT" time="57.176" errors="0">
  <testcase name="ExportOrdersInCsv" time="57.176" classname="com.Guru99.Task10"/>
</testsuite> <!-- com.Guru99.Task10 -->
