<?xml version="1.0" encoding="UTF-8"?>
<!-- Generated by org.testng.reporters.JUnitReportReporter -->
<testsuite hostname="SOUMYA-PC" name="com.Guru99Bank.Task6" tests="4" failures="0" timestamp="28 Jul 2018 16:48:01 GMT" time="86.176" errors="0">
  <testcase name="takeScreenshot" time="19.443" classname="com.Guru99Bank.Task6"/>
  <testcase name="takeScreenshot" time="19.740" classname="com.Guru99Bank.Task6"/>
  <testcase name="takeScreenshot" time="31.139" classname="com.Guru99Bank.Task6"/>
  <testcase name="takeScreenshot" time="15.854" classname="com.Guru99Bank.Task6"/>
</testsuite> <!-- com.Guru99Bank.Task6 -->
