<?xml version="1.0" encoding="UTF-8"?>
<!-- Generated by org.testng.reporters.JUnitReportReporter -->
<testsuite hostname="SOUMYA-PC" name="com.TestNG.PriorityTest" tests="3" failures="0" timestamp="4 Jun 2018 10:23:49 GMT" time="0.000" errors="0">
  <testcase name="CreateCustomerTest" time="0.000" classname="com.TestNG.PriorityTest"/>
  <testcase name="ModifyCustomerTest" time="0.000" classname="com.TestNG.PriorityTest"/>
  <testcase name="DeleteCustomerTest" time="0.000" classname="com.TestNG.PriorityTest"/>
</testsuite> <!-- com.TestNG.PriorityTest -->
