<?xml version="1.0" encoding="UTF-8"?>
<!-- Generated by org.testng.reporters.JUnitReportReporter -->
<testsuite hostname="SOUMYA-PC" name="com.ScreenShot.GmailScreenShotTest" tests="1" failures="0" timestamp="5 Jun 2018 08:22:03 GMT" time="69.557" errors="0">
  <testcase name="GmailTest" time="69.557" classname="com.ScreenShot.GmailScreenShotTest"/>
</testsuite> <!-- com.ScreenShot.GmailScreenShotTest -->
