<?xml version="1.0" encoding="UTF-8"?>
<!-- Generated by org.testng.reporters.JUnitReportReporter -->
<testsuite hostname="SOUMYA-PC" name="com.TestNG.Priority" tests="3" failures="0" timestamp="4 Jun 2018 09:44:13 GMT" time="0.047" errors="0">
  <testcase name="DeleteCustomerTest" time="0.000" classname="com.TestNG.Priority"/>
  <testcase name="ModifyCustomerTest" time="0.000" classname="com.TestNG.Priority"/>
  <testcase name="CreateCustomerTest" time="0.047" classname="com.TestNG.Priority"/>
</testsuite> <!-- com.TestNG.Priority -->
