<?xml version="1.0" encoding="UTF-8"?>
<!-- Generated by org.testng.reporters.JUnitReportReporter -->
<testsuite hostname="SOUMYA-PC" name="com.Guru99.Task5" tests="1" failures="0" timestamp="17 Jun 2018 18:53:47 GMT" time="178.859" errors="0">
  <testcase name="CreateAccount" time="178.859" classname="com.Guru99.Task5"/>
</testsuite> <!-- com.Guru99.Task5 -->
