<?xml version="1.0" encoding="UTF-8"?>
<!-- Generated by org.testng.reporters.JUnitReportReporter -->
<testsuite hostname="SOUMYA-PC" name="com.Guru99.Task14" tests="1" failures="0" timestamp="18 Jul 2018 12:54:58 GMT" time="36.137" errors="0">
  <testcase name="verifySearchFunctionality" time="36.137" classname="com.Guru99.Task14"/>
</testsuite> <!-- com.Guru99.Task14 -->
