<?xml version="1.0" encoding="UTF-8"?>
<!-- Generated by org.testng.reporters.JUnitReportReporter -->
<testsuite hostname="SOUMYA-PC" name="com.Practical.CaptureProductRatingAndFeatureInFlipkart" tests="2" failures="0" timestamp="12 Jun 2018 11:09:17 GMT" time="62.385" errors="0">
  <testcase name="CaptureProductFeatureTest" time="28.804" classname="com.Practical.CaptureProductRatingAndFeatureInFlipkart"/>
  <testcase name="CaptureProductRatingTest" time="33.581" classname="com.Practical.CaptureProductRatingAndFeatureInFlipkart"/>
</testsuite> <!-- com.Practical.CaptureProductRatingAndFeatureInFlipkart -->
