<?xml version="1.0" encoding="UTF-8"?>
<!-- Generated by org.testng.reporters.JUnitReportReporter -->
<testsuite hostname="SOUMYA-PC" name="com.Guru99.Task3" tests="1" failures="0" timestamp="14 Jun 2018 13:14:30 GMT" time="30.655" errors="0">
  <testcase name="VerifyTheCapacityOfCart" time="30.655" classname="com.Guru99.Task3"/>
</testsuite> <!-- com.Guru99.Task3 -->
