<?xml version="1.0" encoding="UTF-8"?>
<!-- Generated by org.testng.reporters.JUnitReportReporter -->
<testsuite hostname="SOUMYA-PC" name="com.Guru99.Task12" tests="1" failures="0" timestamp="17 Jul 2018 19:06:45 GMT" time="59.008" errors="0">
  <testcase name="verifyProductReview" time="59.008" classname="com.Guru99.Task12"/>
</testsuite> <!-- com.Guru99.Task12 -->
