<?xml version="1.0" encoding="UTF-8"?>
<!-- Generated by org.testng.reporters.JUnitReportReporter -->
<testsuite hostname="SOUMYA-PC" name="com.TestNG1.PriorityTest" tests="1" failures="0" timestamp="4 Jun 2018 10:44:44 GMT" time="0.000" errors="0">
  <testcase name="DeleteCustomerTest" time="0.000" classname="com.TestNG1.PriorityTest"/>
</testsuite> <!-- com.TestNG1.PriorityTest -->
