<?xml version="1.0" encoding="UTF-8"?>
<!-- Generated by org.testng.reporters.JUnitReportReporter -->
<testsuite hostname="SOUMYA-PC" name="com.Assert.HardAssertTest" tests="2" failures="0" timestamp="4 Jun 2018 13:08:55 GMT" time="20.317" errors="0">
  <testcase name="verifyHomePageTest" time="10.956" classname="com.Assert.HardAssertTest"/>
  <testcase name="verifyLogoTest" time="9.361" classname="com.Assert.HardAssertTest"/>
</testsuite> <!-- com.Assert.HardAssertTest -->
