<?xml version="1.0" encoding="UTF-8"?>
<!-- Generated by org.testng.reporters.JUnitReportReporter -->
<testsuite hostname="SOUMYA-PC" name="com.Guru99.Task15" tests="1" failures="0" timestamp="19 Jul 2018 09:23:29 GMT" time="56.961" errors="0">
  <testcase name="verifyDisabledFields" time="56.961" classname="com.Guru99.Task15"/>
</testsuite> <!-- com.Guru99.Task15 -->
