<?xml version="1.0" encoding="UTF-8"?>
<!-- Generated by org.testng.reporters.JUnitReportReporter -->
<testsuite hostname="SOUMYA-PC" name="com.Guru99Bank.Task5" tests="4" failures="0" timestamp="27 Jul 2018 13:50:41 GMT" time="337.405" errors="2">
  <testcase name="verifyLoginTest" time="181.931" classname="com.Guru99Bank.Task5">
    <error type="org.openqa.selenium.WebDriverException" message="Failed to connect to binary FirefoxBinary(C:\Program Files (x86)\Mozilla Firefox\firefox.exe) on port 7055; process output follows: 

1532699405270	DeferredSave.extensions.json	DEBUG	Save changes
1532699405270	addons.xpi	DEBUG	Updating XPIState for {&quot;id&quot;:&quot;fxdriver@googlecode.com&quot;,&quot;syncGUID&quot;:&quot;JykwnSLBT7d-&quot;,&quot;location&quot;:&quot;app-profile&quot;,&quot;version&quot;:&quot;2.52.0&quot;,&quot;type&quot;:&quot;extension&quot;,&quot;internalName&quot;:null,&quot;updateURL&quot;:null,&quot;updateKey&quot;:null,&quot;optionsURL&quot;:null,&quot;optionsType&quot;:null,&quot;aboutURL&quot;:null,&quot;iconURL&quot;:null,&quot;icon64URL&quot;:null,&quot;defaultLocale&quot;:{&quot;name&quot;:&quot;Firefox WebDriver&quot;,&quot;description&quot;:&quot;WebDriver implementation for Firefox&quot;,&quot;creator&quot;:&quot;Simon Stewart&quot;,&quot;homepageURL&quot;:null},&quot;visible&quot;:true,&quot;active&quot;:true,&quot;userDisabled&quot;:false,&quot;appDisabled&quot;:false,&quot;descriptor&quot;:&quot;C:\\Users\\SOUMYA\\AppData\\Local\\Temp\\anonymous4718420743782245396webdriver-profile\\extensions\\fxdriver@googlecode.com&quot;,&quot;installDate&quot;:1532699376886,&quot;updateDate&quot;:1532699376886,&quot;applyBackgroundUpdates&quot;:1,&quot;bootstrap&quot;:false,&quot;size&quot;:3236332,&quot;sourceURI&quot;:null,&quot;releaseNotesURI&quot;:null,&quot;softDisabled&quot;:false,&quot;foreignInstall&quot;:true,&quot;hasBinaryComponents&quot;:true,&quot;strictCompatibility&quot;:false,&quot;locales&quot;:[],&quot;targetApplications&quot;:[{&quot;id&quot;:&quot;{ec8030f7-c20a-464f-9b0e-13a3a9e97384}&quot;,&quot;minVersion&quot;:&quot;3.0&quot;,&quot;maxVersion&quot;:&quot;47.0&quot;}],&quot;targetPlatforms&quot;:[{&quot;os&quot;:&quot;Darwin&quot;,&quot;abi&quot;:null},{&quot;os&quot;:&quot;SunOS&quot;,&quot;abi&quot;:null},{&quot;os&quot;:&quot;FreeBSD&quot;,&quot;abi&quot;:null},{&quot;os&quot;:&quot;OpenBSD&quot;,&quot;abi&quot;:null},{&quot;os&quot;:&quot;WINNT&quot;,&quot;abi&quot;:null},{&quot;os&quot;:&quot;Linux&quot;,&quot;abi&quot;:null}],&quot;multiprocessCompatible&quot;:false,&quot;signedState&quot;:0}
1532699405270	addons.xpi	DEBUG	getModTime: Recursive scan of fxdriver@googlecode.com
1532699405274	addons.xpi	DEBUG	Updating XPIState for {&quot;id&quot;:&quot;{972ce4c6-7e08-4474-a285-3208198ce6fd}&quot;,&quot;syncGUID&quot;:&quot;LUQtSFjlQ-g1&quot;,&quot;location&quot;:&quot;app-global&quot;,&quot;version&quot;:&quot;43.0&quot;,&quot;type&quot;:&quot;theme&quot;,&quot;internalName&quot;:&quot;classic/1.0&quot;,&quot;updateURL&quot;:null,&quot;updateKey&quot;:null,&quot;optionsURL&quot;:null,&quot;optionsType&quot;:null,&quot;aboutURL&quot;:null,&quot;iconURL&quot;:null,&quot;icon64URL&quot;:null,&quot;defaultLocale&quot;:{&quot;name&quot;:&quot;Default&quot;,&quot;description&quot;:&quot;The default theme.&quot;,&quot;creator&quot;:&quot;Mozilla&quot;,&quot;homepageURL&quot;:null,&quot;contributors&quot;:[&quot;Mozilla Contributors&quot;]},&quot;visible&quot;:true,&quot;active&quot;:true,&quot;userDisabled&quot;:false,&quot;appDisabled&quot;:false,&quot;descriptor&quot;:&quot;C:\\Program Files (x86)\\Mozilla Firefox\\browser\\extensions\\{972ce4c6-7e08-4474-a285-3208198ce6fd}&quot;,&quot;installDate&quot;:1516609514682,&quot;updateDate&quot;:1516609514682,&quot;applyBackgroundUpdates&quot;:1,&quot;skinnable&quot;:true,&quot;size&quot;:24166,&quot;sourceURI&quot;:null,&quot;releaseNotesURI&quot;:null,&quot;softDisabled&quot;:false,&quot;foreignInstall&quot;:false,&quot;hasBinaryComponents&quot;:false,&quot;strictCompatibility&quot;:true,&quot;locales&quot;:[],&quot;targetApplications&quot;:[{&quot;id&quot;:&quot;{ec8030f7-c20a-464f-9b0e-13a3a9e97384}&quot;,&quot;minVersion&quot;:&quot;43.0&quot;,&quot;maxVersion&quot;:&quot;43.0&quot;}],&quot;targetPlatforms&quot;:[]}
1532699405274	addons.xpi	DEBUG	getModTime: Recursive scan of {972ce4c6-7e08-4474-a285-3208198ce6fd}
1532699405275	DeferredSave.extensions.json	DEBUG	Save changes
1532699405275	addons.xpi	DEBUG	Updating database with changes to installed add-ons
1532699405275	addons.xpi-utils	DEBUG	Updating add-on states
1532699405276	addons.xpi-utils	DEBUG	Writing add-ons list
1532699405285	addons.manager	DEBUG	Registering shutdown blocker for XPIProvider
1532699405286	addons.manager	DEBUG	Provider finished startup: XPIProvider
1532699405286	addons.manager	DEBUG	Starting provider: LightweightThemeManager
1532699405286	addons.manager	DEBUG	Registering shutdown blocker for LightweightThemeManager
1532699405286	addons.manager	DEBUG	Provider finished startup: LightweightThemeManager
1532699405287	addons.manager	DEBUG	Starting provider: GMPProvider
1532699405293	addons.manager	DEBUG	Registering shutdown blocker for GMPProvider
1532699405293	addons.manager	DEBUG	Provider finished startup: GMPProvider
1532699405293	addons.manager	DEBUG	Starting provider: PluginProvider
1532699405293	addons.manager	DEBUG	Registering shutdown blocker for PluginProvider
1532699405293	addons.manager	DEBUG	Provider finished startup: PluginProvider
1532699405294	addons.manager	DEBUG	Completed startup sequence
1532699411403	addons.manager	DEBUG	Starting provider: &lt;unnamed-provider&gt;
1532699411403	addons.manager	DEBUG	Registering shutdown blocker for &lt;unnamed-provider&gt;
1532699411404	addons.manager	DEBUG	Provider finished startup: &lt;unnamed-provider&gt;
1532699413395	DeferredSave.extensions.json	DEBUG	Starting write

Build info: version: &#039;2.52.0&#039;, revision: &#039;4c2593c&#039;, time: &#039;2016-02-11 19:03:33&#039;
System info: host: &#039;SOUMYA-PC&#039;, ip: &#039;192.168.0.4&#039;, os.name: &#039;Windows 7&#039;, os.arch: &#039;amd64&#039;, os.version: &#039;6.1&#039;, java.version: &#039;1.8.0_51&#039;
Driver info: driver.version: FirefoxDriver">
      <![CDATA[org.openqa.selenium.WebDriverException: Failed to connect to binary FirefoxBinary(C:\Program Files (x86)\Mozilla Firefox\firefox.exe) on port 7055; process output follows: 

1532699405270	DeferredSave.extensions.json	DEBUG	Save changes
1532699405270	addons.xpi	DEBUG	Updating XPIState for {"id":"fxdriver@googlecode.com","syncGUID":"JykwnSLBT7d-","location":"app-profile","version":"2.52.0","type":"extension","internalName":null,"updateURL":null,"updateKey":null,"optionsURL":null,"optionsType":null,"aboutURL":null,"iconURL":null,"icon64URL":null,"defaultLocale":{"name":"Firefox WebDriver","description":"WebDriver implementation for Firefox","creator":"Simon Stewart","homepageURL":null},"visible":true,"active":true,"userDisabled":false,"appDisabled":false,"descriptor":"C:\\Users\\SOUMYA\\AppData\\Local\\Temp\\anonymous4718420743782245396webdriver-profile\\extensions\\fxdriver@googlecode.com","installDate":1532699376886,"updateDate":1532699376886,"applyBackgroundUpdates":1,"bootstrap":false,"size":3236332,"sourceURI":null,"releaseNotesURI":null,"softDisabled":false,"foreignInstall":true,"hasBinaryComponents":true,"strictCompatibility":false,"locales":[],"targetApplications":[{"id":"{ec8030f7-c20a-464f-9b0e-13a3a9e97384}","minVersion":"3.0","maxVersion":"47.0"}],"targetPlatforms":[{"os":"Darwin","abi":null},{"os":"SunOS","abi":null},{"os":"FreeBSD","abi":null},{"os":"OpenBSD","abi":null},{"os":"WINNT","abi":null},{"os":"Linux","abi":null}],"multiprocessCompatible":false,"signedState":0}
1532699405270	addons.xpi	DEBUG	getModTime: Recursive scan of fxdriver@googlecode.com
1532699405274	addons.xpi	DEBUG	Updating XPIState for {"id":"{972ce4c6-7e08-4474-a285-3208198ce6fd}","syncGUID":"LUQtSFjlQ-g1","location":"app-global","version":"43.0","type":"theme","internalName":"classic/1.0","updateURL":null,"updateKey":null,"optionsURL":null,"optionsType":null,"aboutURL":null,"iconURL":null,"icon64URL":null,"defaultLocale":{"name":"Default","description":"The default theme.","creator":"Mozilla","homepageURL":null,"contributors":["Mozilla Contributors"]},"visible":true,"active":true,"userDisabled":false,"appDisabled":false,"descriptor":"C:\\Program Files (x86)\\Mozilla Firefox\\browser\\extensions\\{972ce4c6-7e08-4474-a285-3208198ce6fd}","installDate":1516609514682,"updateDate":1516609514682,"applyBackgroundUpdates":1,"skinnable":true,"size":24166,"sourceURI":null,"releaseNotesURI":null,"softDisabled":false,"foreignInstall":false,"hasBinaryComponents":false,"strictCompatibility":true,"locales":[],"targetApplications":[{"id":"{ec8030f7-c20a-464f-9b0e-13a3a9e97384}","minVersion":"43.0","maxVersion":"43.0"}],"targetPlatforms":[]}
1532699405274	addons.xpi	DEBUG	getModTime: Recursive scan of {972ce4c6-7e08-4474-a285-3208198ce6fd}
1532699405275	DeferredSave.extensions.json	DEBUG	Save changes
1532699405275	addons.xpi	DEBUG	Updating database with changes to installed add-ons
1532699405275	addons.xpi-utils	DEBUG	Updating add-on states
1532699405276	addons.xpi-utils	DEBUG	Writing add-ons list
1532699405285	addons.manager	DEBUG	Registering shutdown blocker for XPIProvider
1532699405286	addons.manager	DEBUG	Provider finished startup: XPIProvider
1532699405286	addons.manager	DEBUG	Starting provider: LightweightThemeManager
1532699405286	addons.manager	DEBUG	Registering shutdown blocker for LightweightThemeManager
1532699405286	addons.manager	DEBUG	Provider finished startup: LightweightThemeManager
1532699405287	addons.manager	DEBUG	Starting provider: GMPProvider
1532699405293	addons.manager	DEBUG	Registering shutdown blocker for GMPProvider
1532699405293	addons.manager	DEBUG	Provider finished startup: GMPProvider
1532699405293	addons.manager	DEBUG	Starting provider: PluginProvider
1532699405293	addons.manager	DEBUG	Registering shutdown blocker for PluginProvider
1532699405293	addons.manager	DEBUG	Provider finished startup: PluginProvider
1532699405294	addons.manager	DEBUG	Completed startup sequence
1532699411403	addons.manager	DEBUG	Starting provider: <unnamed-provider>
1532699411403	addons.manager	DEBUG	Registering shutdown blocker for <unnamed-provider>
1532699411404	addons.manager	DEBUG	Provider finished startup: <unnamed-provider>
1532699413395	DeferredSave.extensions.json	DEBUG	Starting write

Build info: version: '2.52.0', revision: '4c2593c', time: '2016-02-11 19:03:33'
System info: host: 'SOUMYA-PC', ip: '192.168.0.4', os.name: 'Windows 7', os.arch: 'amd64', os.version: '6.1', java.version: '1.8.0_51'
Driver info: driver.version: FirefoxDriver
	at org.openqa.selenium.firefox.internal.NewProfileExtensionConnection.start(NewProfileExtensionConnection.java:124)
	at org.openqa.selenium.firefox.FirefoxDriver.startClient(FirefoxDriver.java:271)
	at org.openqa.selenium.remote.RemoteWebDriver.<init>(RemoteWebDriver.java:119)
	at org.openqa.selenium.firefox.FirefoxDriver.<init>(FirefoxDriver.java:218)
	at org.openqa.selenium.firefox.FirefoxDriver.<init>(FirefoxDriver.java:211)
	at org.openqa.selenium.firefox.FirefoxDriver.<init>(FirefoxDriver.java:207)
	at org.openqa.selenium.firefox.FirefoxDriver.<init>(FirefoxDriver.java:120)
	at com.Guru99Bank.Task5.loginTest(Task5.java:25)
	at sun.reflect.NativeMethodAccessorImpl.invoke0(Native Method)
	at sun.reflect.NativeMethodAccessorImpl.invoke(Unknown Source)
	at sun.reflect.DelegatingMethodAccessorImpl.invoke(Unknown Source)
	at java.lang.reflect.Method.invoke(Unknown Source)
	at org.testng.internal.MethodInvocationHelper.invokeMethod(MethodInvocationHelper.java:85)
	at org.testng.internal.Invoker.invokeConfigurationMethod(Invoker.java:510)
	at org.testng.internal.Invoker.invokeConfigurations(Invoker.java:211)
	at org.testng.internal.Invoker.invokeMethod(Invoker.java:585)
	at org.testng.internal.Invoker.invokeTestMethod(Invoker.java:816)
	at org.testng.internal.Invoker.invokeTestMethods(Invoker.java:1124)
	at org.testng.internal.TestMethodWorker.invokeTestMethods(TestMethodWorker.java:125)
	at org.testng.internal.TestMethodWorker.run(TestMethodWorker.java:108)
	at org.testng.TestRunner.privateRun(TestRunner.java:774)
	at org.testng.TestRunner.run(TestRunner.java:624)
	at org.testng.SuiteRunner.runTest(SuiteRunner.java:359)
	at org.testng.SuiteRunner.runSequentially(SuiteRunner.java:354)
	at org.testng.SuiteRunner.privateRun(SuiteRunner.java:312)
	at org.testng.SuiteRunner.run(SuiteRunner.java:261)
	at org.testng.SuiteRunnerWorker.runSuite(SuiteRunnerWorker.java:52)
	at org.testng.SuiteRunnerWorker.run(SuiteRunnerWorker.java:86)
	at org.testng.TestNG.runSuitesSequentially(TestNG.java:1215)
	at org.testng.TestNG.runSuitesLocally(TestNG.java:1140)
	at org.testng.TestNG.run(TestNG.java:1048)
	at org.testng.remote.AbstractRemoteTestNG.run(AbstractRemoteTestNG.java:114)
	at org.testng.remote.RemoteTestNG.initAndRun(RemoteTestNG.java:251)
	at org.testng.remote.RemoteTestNG.main(RemoteTestNG.java:77)
Caused by: org.openqa.selenium.firefox.NotConnectedException: Unable to connect to host 127.0.0.1 on port 7055 after 45000 ms. Firefox console output:

1532699405270	DeferredSave.extensions.json	DEBUG	Save changes
1532699405270	addons.xpi	DEBUG	Updating XPIState for {"id":"fxdriver@googlecode.com","syncGUID":"JykwnSLBT7d-","location":"app-profile","version":"2.52.0","type":"extension","internalName":null,"updateURL":null,"updateKey":null,"optionsURL":null,"optionsType":null,"aboutURL":null,"iconURL":null,"icon64URL":null,"defaultLocale":{"name":"Firefox WebDriver","description":"WebDriver implementation for Firefox","creator":"Simon Stewart","homepageURL":null},"visible":true,"active":true,"userDisabled":false,"appDisabled":false,"descriptor":"C:\\Users\\SOUMYA\\AppData\\Local\\Temp\\anonymous4718420743782245396webdriver-profile\\extensions\\fxdriver@googlecode.com","installDate":1532699376886,"updateDate":1532699376886,"applyBackgroundUpdates":1,"bootstrap":false,"size":3236332,"sourceURI":null,"releaseNotesURI":null,"softDisabled":false,"foreignInstall":true,"hasBinaryComponents":true,"strictCompatibility":false,"locales":[],"targetApplications":[{"id":"{ec8030f7-c20a-464f-9b0e-13a3a9e97384}","minVersion":"3.0","maxVersion":"47.0"}],"targetPlatforms":[{"os":"Darwin","abi":null},{"os":"SunOS","abi":null},{"os":"FreeBSD","abi":null},{"os":"OpenBSD","abi":null},{"os":"WINNT","abi":null},{"os":"Linux","abi":null}],"multiprocessCompatible":false,"signedState":0}
1532699405270	addons.xpi	DEBUG	getModTime: Recursive scan of fxdriver@googlecode.com
1532699405274	addons.xpi	DEBUG	Updating XPIState for {"id":"{972ce4c6-7e08-4474-a285-3208198ce6fd}","syncGUID":"LUQtSFjlQ-g1","location":"app-global","version":"43.0","type":"theme","internalName":"classic/1.0","updateURL":null,"updateKey":null,"optionsURL":null,"optionsType":null,"aboutURL":null,"iconURL":null,"icon64URL":null,"defaultLocale":{"name":"Default","description":"The default theme.","creator":"Mozilla","homepageURL":null,"contributors":["Mozilla Contributors"]},"visible":true,"active":true,"userDisabled":false,"appDisabled":false,"descriptor":"C:\\Program Files (x86)\\Mozilla Firefox\\browser\\extensions\\{972ce4c6-7e08-4474-a285-3208198ce6fd}","installDate":1516609514682,"updateDate":1516609514682,"applyBackgroundUpdates":1,"skinnable":true,"size":24166,"sourceURI":null,"releaseNotesURI":null,"softDisabled":false,"foreignInstall":false,"hasBinaryComponents":false,"strictCompatibility":true,"locales":[],"targetApplications":[{"id":"{ec8030f7-c20a-464f-9b0e-13a3a9e97384}","minVersion":"43.0","maxVersion":"43.0"}],"targetPlatforms":[]}
1532699405274	addons.xpi	DEBUG	getModTime: Recursive scan of {972ce4c6-7e08-4474-a285-3208198ce6fd}
1532699405275	DeferredSave.extensions.json	DEBUG	Save changes
1532699405275	addons.xpi	DEBUG	Updating database with changes to installed add-ons
1532699405275	addons.xpi-utils	DEBUG	Updating add-on states
1532699405276	addons.xpi-utils	DEBUG	Writing add-ons list
1532699405285	addons.manager	DEBUG	Registering shutdown blocker for XPIProvider
1532699405286	addons.manager	DEBUG	Provider finished startup: XPIProvider
1532699405286	addons.manager	DEBUG	Starting provider: LightweightThemeManager
1532699405286	addons.manager	DEBUG	Registering shutdown blocker for LightweightThemeManager
1532699405286	addons.manager	DEBUG	Provider finished startup: LightweightThemeManager
1532699405287	addons.manager	DEBUG	Starting provider: GMPProvider
1532699405293	addons.manager	DEBUG	Registering shutdown blocker for GMPProvider
1532699405293	addons.manager	DEBUG	Provider finished startup: GMPProvider
1532699405293	addons.manager	DEBUG	Starting provider: PluginProvider
1532699405293	addons.manager	DEBUG	Registering shutdown blocker for PluginProvider
1532699405293	addons.manager	DEBUG	Provider finished startup: PluginProvider
1532699405294	addons.manager	DEBUG	Completed startup sequence
1532699411403	addons.manager	DEBUG	Starting provider: <unnamed-provider>
1532699411403	addons.manager	DEBUG	Registering shutdown blocker for <unnamed-provider>
1532699411404	addons.manager	DEBUG	Provider finished startup: <unnamed-provider>
1532699413395	DeferredSave.extensions.json	DEBUG	Starting write

	at org.openqa.selenium.firefox.internal.NewProfileExtensionConnection.start(NewProfileExtensionConnection.java:112)
	... 33 more
]]>
    </error>
  </testcase> <!-- verifyLoginTest -->
  <testcase name="verifyLoginTest" time="123.970" classname="com.Guru99Bank.Task5"/>
  <testcase name="verifyLoginTest" time="31.501" classname="com.Guru99Bank.Task5"/>
  <testcase name="verifyLoginTest" time="0.003" classname="com.Guru99Bank.Task5">
    <error type="org.openqa.selenium.WebDriverException" message="Failed to connect to binary FirefoxBinary(C:\Program Files (x86)\Mozilla Firefox\firefox.exe) on port 7055; process output follows: 

1532699405270	DeferredSave.extensions.json	DEBUG	Save changes
1532699405270	addons.xpi	DEBUG	Updating XPIState for {&quot;id&quot;:&quot;fxdriver@googlecode.com&quot;,&quot;syncGUID&quot;:&quot;JykwnSLBT7d-&quot;,&quot;location&quot;:&quot;app-profile&quot;,&quot;version&quot;:&quot;2.52.0&quot;,&quot;type&quot;:&quot;extension&quot;,&quot;internalName&quot;:null,&quot;updateURL&quot;:null,&quot;updateKey&quot;:null,&quot;optionsURL&quot;:null,&quot;optionsType&quot;:null,&quot;aboutURL&quot;:null,&quot;iconURL&quot;:null,&quot;icon64URL&quot;:null,&quot;defaultLocale&quot;:{&quot;name&quot;:&quot;Firefox WebDriver&quot;,&quot;description&quot;:&quot;WebDriver implementation for Firefox&quot;,&quot;creator&quot;:&quot;Simon Stewart&quot;,&quot;homepageURL&quot;:null},&quot;visible&quot;:true,&quot;active&quot;:true,&quot;userDisabled&quot;:false,&quot;appDisabled&quot;:false,&quot;descriptor&quot;:&quot;C:\\Users\\SOUMYA\\AppData\\Local\\Temp\\anonymous4718420743782245396webdriver-profile\\extensions\\fxdriver@googlecode.com&quot;,&quot;installDate&quot;:1532699376886,&quot;updateDate&quot;:1532699376886,&quot;applyBackgroundUpdates&quot;:1,&quot;bootstrap&quot;:false,&quot;size&quot;:3236332,&quot;sourceURI&quot;:null,&quot;releaseNotesURI&quot;:null,&quot;softDisabled&quot;:false,&quot;foreignInstall&quot;:true,&quot;hasBinaryComponents&quot;:true,&quot;strictCompatibility&quot;:false,&quot;locales&quot;:[],&quot;targetApplications&quot;:[{&quot;id&quot;:&quot;{ec8030f7-c20a-464f-9b0e-13a3a9e97384}&quot;,&quot;minVersion&quot;:&quot;3.0&quot;,&quot;maxVersion&quot;:&quot;47.0&quot;}],&quot;targetPlatforms&quot;:[{&quot;os&quot;:&quot;Darwin&quot;,&quot;abi&quot;:null},{&quot;os&quot;:&quot;SunOS&quot;,&quot;abi&quot;:null},{&quot;os&quot;:&quot;FreeBSD&quot;,&quot;abi&quot;:null},{&quot;os&quot;:&quot;OpenBSD&quot;,&quot;abi&quot;:null},{&quot;os&quot;:&quot;WINNT&quot;,&quot;abi&quot;:null},{&quot;os&quot;:&quot;Linux&quot;,&quot;abi&quot;:null}],&quot;multiprocessCompatible&quot;:false,&quot;signedState&quot;:0}
1532699405270	addons.xpi	DEBUG	getModTime: Recursive scan of fxdriver@googlecode.com
1532699405274	addons.xpi	DEBUG	Updating XPIState for {&quot;id&quot;:&quot;{972ce4c6-7e08-4474-a285-3208198ce6fd}&quot;,&quot;syncGUID&quot;:&quot;LUQtSFjlQ-g1&quot;,&quot;location&quot;:&quot;app-global&quot;,&quot;version&quot;:&quot;43.0&quot;,&quot;type&quot;:&quot;theme&quot;,&quot;internalName&quot;:&quot;classic/1.0&quot;,&quot;updateURL&quot;:null,&quot;updateKey&quot;:null,&quot;optionsURL&quot;:null,&quot;optionsType&quot;:null,&quot;aboutURL&quot;:null,&quot;iconURL&quot;:null,&quot;icon64URL&quot;:null,&quot;defaultLocale&quot;:{&quot;name&quot;:&quot;Default&quot;,&quot;description&quot;:&quot;The default theme.&quot;,&quot;creator&quot;:&quot;Mozilla&quot;,&quot;homepageURL&quot;:null,&quot;contributors&quot;:[&quot;Mozilla Contributors&quot;]},&quot;visible&quot;:true,&quot;active&quot;:true,&quot;userDisabled&quot;:false,&quot;appDisabled&quot;:false,&quot;descriptor&quot;:&quot;C:\\Program Files (x86)\\Mozilla Firefox\\browser\\extensions\\{972ce4c6-7e08-4474-a285-3208198ce6fd}&quot;,&quot;installDate&quot;:1516609514682,&quot;updateDate&quot;:1516609514682,&quot;applyBackgroundUpdates&quot;:1,&quot;skinnable&quot;:true,&quot;size&quot;:24166,&quot;sourceURI&quot;:null,&quot;releaseNotesURI&quot;:null,&quot;softDisabled&quot;:false,&quot;foreignInstall&quot;:false,&quot;hasBinaryComponents&quot;:false,&quot;strictCompatibility&quot;:true,&quot;locales&quot;:[],&quot;targetApplications&quot;:[{&quot;id&quot;:&quot;{ec8030f7-c20a-464f-9b0e-13a3a9e97384}&quot;,&quot;minVersion&quot;:&quot;43.0&quot;,&quot;maxVersion&quot;:&quot;43.0&quot;}],&quot;targetPlatforms&quot;:[]}
1532699405274	addons.xpi	DEBUG	getModTime: Recursive scan of {972ce4c6-7e08-4474-a285-3208198ce6fd}
1532699405275	DeferredSave.extensions.json	DEBUG	Save changes
1532699405275	addons.xpi	DEBUG	Updating database with changes to installed add-ons
1532699405275	addons.xpi-utils	DEBUG	Updating add-on states
1532699405276	addons.xpi-utils	DEBUG	Writing add-ons list
1532699405285	addons.manager	DEBUG	Registering shutdown blocker for XPIProvider
1532699405286	addons.manager	DEBUG	Provider finished startup: XPIProvider
1532699405286	addons.manager	DEBUG	Starting provider: LightweightThemeManager
1532699405286	addons.manager	DEBUG	Registering shutdown blocker for LightweightThemeManager
1532699405286	addons.manager	DEBUG	Provider finished startup: LightweightThemeManager
1532699405287	addons.manager	DEBUG	Starting provider: GMPProvider
1532699405293	addons.manager	DEBUG	Registering shutdown blocker for GMPProvider
1532699405293	addons.manager	DEBUG	Provider finished startup: GMPProvider
1532699405293	addons.manager	DEBUG	Starting provider: PluginProvider
1532699405293	addons.manager	DEBUG	Registering shutdown blocker for PluginProvider
1532699405293	addons.manager	DEBUG	Provider finished startup: PluginProvider
1532699405294	addons.manager	DEBUG	Completed startup sequence
1532699411403	addons.manager	DEBUG	Starting provider: &lt;unnamed-provider&gt;
1532699411403	addons.manager	DEBUG	Registering shutdown blocker for &lt;unnamed-provider&gt;
1532699411404	addons.manager	DEBUG	Provider finished startup: &lt;unnamed-provider&gt;
1532699413395	DeferredSave.extensions.json	DEBUG	Starting write

Build info: version: &#039;2.52.0&#039;, revision: &#039;4c2593c&#039;, time: &#039;2016-02-11 19:03:33&#039;
System info: host: &#039;SOUMYA-PC&#039;, ip: &#039;192.168.0.4&#039;, os.name: &#039;Windows 7&#039;, os.arch: &#039;amd64&#039;, os.version: &#039;6.1&#039;, java.version: &#039;1.8.0_51&#039;
Driver info: driver.version: FirefoxDriver">
      <![CDATA[org.openqa.selenium.WebDriverException: Failed to connect to binary FirefoxBinary(C:\Program Files (x86)\Mozilla Firefox\firefox.exe) on port 7055; process output follows: 

1532699405270	DeferredSave.extensions.json	DEBUG	Save changes
1532699405270	addons.xpi	DEBUG	Updating XPIState for {"id":"fxdriver@googlecode.com","syncGUID":"JykwnSLBT7d-","location":"app-profile","version":"2.52.0","type":"extension","internalName":null,"updateURL":null,"updateKey":null,"optionsURL":null,"optionsType":null,"aboutURL":null,"iconURL":null,"icon64URL":null,"defaultLocale":{"name":"Firefox WebDriver","description":"WebDriver implementation for Firefox","creator":"Simon Stewart","homepageURL":null},"visible":true,"active":true,"userDisabled":false,"appDisabled":false,"descriptor":"C:\\Users\\SOUMYA\\AppData\\Local\\Temp\\anonymous4718420743782245396webdriver-profile\\extensions\\fxdriver@googlecode.com","installDate":1532699376886,"updateDate":1532699376886,"applyBackgroundUpdates":1,"bootstrap":false,"size":3236332,"sourceURI":null,"releaseNotesURI":null,"softDisabled":false,"foreignInstall":true,"hasBinaryComponents":true,"strictCompatibility":false,"locales":[],"targetApplications":[{"id":"{ec8030f7-c20a-464f-9b0e-13a3a9e97384}","minVersion":"3.0","maxVersion":"47.0"}],"targetPlatforms":[{"os":"Darwin","abi":null},{"os":"SunOS","abi":null},{"os":"FreeBSD","abi":null},{"os":"OpenBSD","abi":null},{"os":"WINNT","abi":null},{"os":"Linux","abi":null}],"multiprocessCompatible":false,"signedState":0}
1532699405270	addons.xpi	DEBUG	getModTime: Recursive scan of fxdriver@googlecode.com
1532699405274	addons.xpi	DEBUG	Updating XPIState for {"id":"{972ce4c6-7e08-4474-a285-3208198ce6fd}","syncGUID":"LUQtSFjlQ-g1","location":"app-global","version":"43.0","type":"theme","internalName":"classic/1.0","updateURL":null,"updateKey":null,"optionsURL":null,"optionsType":null,"aboutURL":null,"iconURL":null,"icon64URL":null,"defaultLocale":{"name":"Default","description":"The default theme.","creator":"Mozilla","homepageURL":null,"contributors":["Mozilla Contributors"]},"visible":true,"active":true,"userDisabled":false,"appDisabled":false,"descriptor":"C:\\Program Files (x86)\\Mozilla Firefox\\browser\\extensions\\{972ce4c6-7e08-4474-a285-3208198ce6fd}","installDate":1516609514682,"updateDate":1516609514682,"applyBackgroundUpdates":1,"skinnable":true,"size":24166,"sourceURI":null,"releaseNotesURI":null,"softDisabled":false,"foreignInstall":false,"hasBinaryComponents":false,"strictCompatibility":true,"locales":[],"targetApplications":[{"id":"{ec8030f7-c20a-464f-9b0e-13a3a9e97384}","minVersion":"43.0","maxVersion":"43.0"}],"targetPlatforms":[]}
1532699405274	addons.xpi	DEBUG	getModTime: Recursive scan of {972ce4c6-7e08-4474-a285-3208198ce6fd}
1532699405275	DeferredSave.extensions.json	DEBUG	Save changes
1532699405275	addons.xpi	DEBUG	Updating database with changes to installed add-ons
1532699405275	addons.xpi-utils	DEBUG	Updating add-on states
1532699405276	addons.xpi-utils	DEBUG	Writing add-ons list
1532699405285	addons.manager	DEBUG	Registering shutdown blocker for XPIProvider
1532699405286	addons.manager	DEBUG	Provider finished startup: XPIProvider
1532699405286	addons.manager	DEBUG	Starting provider: LightweightThemeManager
1532699405286	addons.manager	DEBUG	Registering shutdown blocker for LightweightThemeManager
1532699405286	addons.manager	DEBUG	Provider finished startup: LightweightThemeManager
1532699405287	addons.manager	DEBUG	Starting provider: GMPProvider
1532699405293	addons.manager	DEBUG	Registering shutdown blocker for GMPProvider
1532699405293	addons.manager	DEBUG	Provider finished startup: GMPProvider
1532699405293	addons.manager	DEBUG	Starting provider: PluginProvider
1532699405293	addons.manager	DEBUG	Registering shutdown blocker for PluginProvider
1532699405293	addons.manager	DEBUG	Provider finished startup: PluginProvider
1532699405294	addons.manager	DEBUG	Completed startup sequence
1532699411403	addons.manager	DEBUG	Starting provider: <unnamed-provider>
1532699411403	addons.manager	DEBUG	Registering shutdown blocker for <unnamed-provider>
1532699411404	addons.manager	DEBUG	Provider finished startup: <unnamed-provider>
1532699413395	DeferredSave.extensions.json	DEBUG	Starting write

Build info: version: '2.52.0', revision: '4c2593c', time: '2016-02-11 19:03:33'
System info: host: 'SOUMYA-PC', ip: '192.168.0.4', os.name: 'Windows 7', os.arch: 'amd64', os.version: '6.1', java.version: '1.8.0_51'
Driver info: driver.version: FirefoxDriver
	at org.openqa.selenium.firefox.internal.NewProfileExtensionConnection.start(NewProfileExtensionConnection.java:124)
	at org.openqa.selenium.firefox.FirefoxDriver.startClient(FirefoxDriver.java:271)
	at org.openqa.selenium.remote.RemoteWebDriver.<init>(RemoteWebDriver.java:119)
	at org.openqa.selenium.firefox.FirefoxDriver.<init>(FirefoxDriver.java:218)
	at org.openqa.selenium.firefox.FirefoxDriver.<init>(FirefoxDriver.java:211)
	at org.openqa.selenium.firefox.FirefoxDriver.<init>(FirefoxDriver.java:207)
	at org.openqa.selenium.firefox.FirefoxDriver.<init>(FirefoxDriver.java:120)
	at com.Guru99Bank.Task5.loginTest(Task5.java:25)
	at sun.reflect.NativeMethodAccessorImpl.invoke0(Native Method)
	at sun.reflect.NativeMethodAccessorImpl.invoke(Unknown Source)
	at sun.reflect.DelegatingMethodAccessorImpl.invoke(Unknown Source)
	at java.lang.reflect.Method.invoke(Unknown Source)
	at org.testng.internal.MethodInvocationHelper.invokeMethod(MethodInvocationHelper.java:85)
	at org.testng.internal.Invoker.invokeConfigurationMethod(Invoker.java:510)
	at org.testng.internal.Invoker.invokeConfigurations(Invoker.java:211)
	at org.testng.internal.Invoker.invokeMethod(Invoker.java:585)
	at org.testng.internal.Invoker.invokeTestMethod(Invoker.java:816)
	at org.testng.internal.Invoker.invokeTestMethods(Invoker.java:1124)
	at org.testng.internal.TestMethodWorker.invokeTestMethods(TestMethodWorker.java:125)
	at org.testng.internal.TestMethodWorker.run(TestMethodWorker.java:108)
	at org.testng.TestRunner.privateRun(TestRunner.java:774)
	at org.testng.TestRunner.run(TestRunner.java:624)
	at org.testng.SuiteRunner.runTest(SuiteRunner.java:359)
	at org.testng.SuiteRunner.runSequentially(SuiteRunner.java:354)
	at org.testng.SuiteRunner.privateRun(SuiteRunner.java:312)
	at org.testng.SuiteRunner.run(SuiteRunner.java:261)
	at org.testng.SuiteRunnerWorker.runSuite(SuiteRunnerWorker.java:52)
	at org.testng.SuiteRunnerWorker.run(SuiteRunnerWorker.java:86)
	at org.testng.TestNG.runSuitesSequentially(TestNG.java:1215)
	at org.testng.TestNG.runSuitesLocally(TestNG.java:1140)
	at org.testng.TestNG.run(TestNG.java:1048)
	at org.testng.remote.AbstractRemoteTestNG.run(AbstractRemoteTestNG.java:114)
	at org.testng.remote.RemoteTestNG.initAndRun(RemoteTestNG.java:251)
	at org.testng.remote.RemoteTestNG.main(RemoteTestNG.java:77)
Caused by: org.openqa.selenium.firefox.NotConnectedException: Unable to connect to host 127.0.0.1 on port 7055 after 45000 ms. Firefox console output:

1532699405270	DeferredSave.extensions.json	DEBUG	Save changes
1532699405270	addons.xpi	DEBUG	Updating XPIState for {"id":"fxdriver@googlecode.com","syncGUID":"JykwnSLBT7d-","location":"app-profile","version":"2.52.0","type":"extension","internalName":null,"updateURL":null,"updateKey":null,"optionsURL":null,"optionsType":null,"aboutURL":null,"iconURL":null,"icon64URL":null,"defaultLocale":{"name":"Firefox WebDriver","description":"WebDriver implementation for Firefox","creator":"Simon Stewart","homepageURL":null},"visible":true,"active":true,"userDisabled":false,"appDisabled":false,"descriptor":"C:\\Users\\SOUMYA\\AppData\\Local\\Temp\\anonymous4718420743782245396webdriver-profile\\extensions\\fxdriver@googlecode.com","installDate":1532699376886,"updateDate":1532699376886,"applyBackgroundUpdates":1,"bootstrap":false,"size":3236332,"sourceURI":null,"releaseNotesURI":null,"softDisabled":false,"foreignInstall":true,"hasBinaryComponents":true,"strictCompatibility":false,"locales":[],"targetApplications":[{"id":"{ec8030f7-c20a-464f-9b0e-13a3a9e97384}","minVersion":"3.0","maxVersion":"47.0"}],"targetPlatforms":[{"os":"Darwin","abi":null},{"os":"SunOS","abi":null},{"os":"FreeBSD","abi":null},{"os":"OpenBSD","abi":null},{"os":"WINNT","abi":null},{"os":"Linux","abi":null}],"multiprocessCompatible":false,"signedState":0}
1532699405270	addons.xpi	DEBUG	getModTime: Recursive scan of fxdriver@googlecode.com
1532699405274	addons.xpi	DEBUG	Updating XPIState for {"id":"{972ce4c6-7e08-4474-a285-3208198ce6fd}","syncGUID":"LUQtSFjlQ-g1","location":"app-global","version":"43.0","type":"theme","internalName":"classic/1.0","updateURL":null,"updateKey":null,"optionsURL":null,"optionsType":null,"aboutURL":null,"iconURL":null,"icon64URL":null,"defaultLocale":{"name":"Default","description":"The default theme.","creator":"Mozilla","homepageURL":null,"contributors":["Mozilla Contributors"]},"visible":true,"active":true,"userDisabled":false,"appDisabled":false,"descriptor":"C:\\Program Files (x86)\\Mozilla Firefox\\browser\\extensions\\{972ce4c6-7e08-4474-a285-3208198ce6fd}","installDate":1516609514682,"updateDate":1516609514682,"applyBackgroundUpdates":1,"skinnable":true,"size":24166,"sourceURI":null,"releaseNotesURI":null,"softDisabled":false,"foreignInstall":false,"hasBinaryComponents":false,"strictCompatibility":true,"locales":[],"targetApplications":[{"id":"{ec8030f7-c20a-464f-9b0e-13a3a9e97384}","minVersion":"43.0","maxVersion":"43.0"}],"targetPlatforms":[]}
1532699405274	addons.xpi	DEBUG	getModTime: Recursive scan of {972ce4c6-7e08-4474-a285-3208198ce6fd}
1532699405275	DeferredSave.extensions.json	DEBUG	Save changes
1532699405275	addons.xpi	DEBUG	Updating database with changes to installed add-ons
1532699405275	addons.xpi-utils	DEBUG	Updating add-on states
1532699405276	addons.xpi-utils	DEBUG	Writing add-ons list
1532699405285	addons.manager	DEBUG	Registering shutdown blocker for XPIProvider
1532699405286	addons.manager	DEBUG	Provider finished startup: XPIProvider
1532699405286	addons.manager	DEBUG	Starting provider: LightweightThemeManager
1532699405286	addons.manager	DEBUG	Registering shutdown blocker for LightweightThemeManager
1532699405286	addons.manager	DEBUG	Provider finished startup: LightweightThemeManager
1532699405287	addons.manager	DEBUG	Starting provider: GMPProvider
1532699405293	addons.manager	DEBUG	Registering shutdown blocker for GMPProvider
1532699405293	addons.manager	DEBUG	Provider finished startup: GMPProvider
1532699405293	addons.manager	DEBUG	Starting provider: PluginProvider
1532699405293	addons.manager	DEBUG	Registering shutdown blocker for PluginProvider
1532699405293	addons.manager	DEBUG	Provider finished startup: PluginProvider
1532699405294	addons.manager	DEBUG	Completed startup sequence
1532699411403	addons.manager	DEBUG	Starting provider: <unnamed-provider>
1532699411403	addons.manager	DEBUG	Registering shutdown blocker for <unnamed-provider>
1532699411404	addons.manager	DEBUG	Provider finished startup: <unnamed-provider>
1532699413395	DeferredSave.extensions.json	DEBUG	Starting write

	at org.openqa.selenium.firefox.internal.NewProfileExtensionConnection.start(NewProfileExtensionConnection.java:112)
	... 33 more
]]>
    </error>
  </testcase> <!-- verifyLoginTest -->
</testsuite> <!-- com.Guru99Bank.Task5 -->
