<?xml version="1.0" encoding="UTF-8"?>
<!-- Generated by org.testng.reporters.JUnitReportReporter -->
<testsuite hostname="SOUMYA-PC" name="com.Guru99Bank.Task1" tests="1" failures="0" timestamp="19 Jul 2018 17:20:35 GMT" time="39.309" errors="0">
  <testcase name="verifyLogin" time="39.309" classname="com.Guru99Bank.Task1"/>
</testsuite> <!-- com.Guru99Bank.Task1 -->
