<?xml version="1.0" encoding="UTF-8"?>
<!-- Generated by org.testng.reporters.JUnitReportReporter -->
<testsuite hostname="SOUMYA-PC" name="com.TestNG.CreateUserTest" tests="1" failures="0" timestamp="4 Jun 2018 10:23:48 GMT" time="0.000" errors="0">
  <testcase name="CreateTest" time="0.000" classname="com.TestNG.CreateUserTest"/>
</testsuite> <!-- com.TestNG.CreateUserTest -->
