<?xml version="1.0" encoding="UTF-8"?>
<!-- Generated by org.testng.reporters.JUnitReportReporter -->
<testsuite hostname="SOUMYA-PC" name="com.GenericLibrary.CustomerProjectTest" tests="1" failures="0" timestamp="4 Jun 2018 12:27:27 GMT" time="46.452" errors="0">
  <testcase name="createcustomerTest" time="46.452" classname="com.GenericLibrary.CustomerProjectTest"/>
</testsuite> <!-- com.GenericLibrary.CustomerProjectTest -->
