<?xml version="1.0" encoding="UTF-8"?>
<!-- Generated by org.testng.reporters.JUnitReportReporter -->
<testsuite hostname="SOUMYA-PC" name="com.Guru99.Task2" tests="1" failures="0" timestamp="13 Jun 2018 12:16:48 GMT" time="83.978" errors="0">
  <testcase name="VerifyTheCostOfProduct" time="83.978" classname="com.Guru99.Task2"/>
</testsuite> <!-- com.Guru99.Task2 -->
